mode: set
/home/leo/code/recruitment-interviews/code/golang/main.go:37.13,41.30 3 0
/home/leo/code/recruitment-interviews/code/golang/main.go:45.2,45.6 1 0
/home/leo/code/recruitment-interviews/code/golang/main.go:41.30,43.3 1 0
/home/leo/code/recruitment-interviews/code/golang/main.go:45.6,49.21 4 0
/home/leo/code/recruitment-interviews/code/golang/main.go:52.3,54.14 2 0
/home/leo/code/recruitment-interviews/code/golang/main.go:49.21,50.12 1 0
/home/leo/code/recruitment-interviews/code/golang/main.go:55.16,57.14 2 0
/home/leo/code/recruitment-interviews/code/golang/main.go:58.18,59.34 1 0
/home/leo/code/recruitment-interviews/code/golang/main.go:60.16,61.15 1 0
/home/leo/code/recruitment-interviews/code/golang/main.go:62.27,63.17 1 0
/home/leo/code/recruitment-interviews/code/golang/main.go:64.19,65.53 1 0
/home/leo/code/recruitment-interviews/code/golang/main.go:66.15,67.21 1 0
/home/leo/code/recruitment-interviews/code/golang/main.go:68.17,69.18 1 0
/home/leo/code/recruitment-interviews/code/golang/main.go:73.4,74.54 2 0
/home/leo/code/recruitment-interviews/code/golang/main.go:80.4,82.32 3 0
/home/leo/code/recruitment-interviews/code/golang/main.go:83.17,84.32 1 0
/home/leo/code/recruitment-interviews/code/golang/main.go:85.24,87.32 2 0
/home/leo/code/recruitment-interviews/code/golang/main.go:88.28,90.32 2 0
/home/leo/code/recruitment-interviews/code/golang/main.go:91.16,92.15 1 0
/home/leo/code/recruitment-interviews/code/golang/main.go:93.23,94.19 1 0
/home/leo/code/recruitment-interviews/code/golang/main.go:98.4,99.72 2 0
/home/leo/code/recruitment-interviews/code/golang/main.go:101.23,102.19 1 0
/home/leo/code/recruitment-interviews/code/golang/main.go:107.4,108.73 2 0
/home/leo/code/recruitment-interviews/code/golang/main.go:110.21,111.19 1 0
/home/leo/code/recruitment-interviews/code/golang/main.go:115.4,116.79 2 0
/home/leo/code/recruitment-interviews/code/golang/main.go:118.18,120.9 1 0
/home/leo/code/recruitment-interviews/code/golang/main.go:69.18,71.10 2 0
/home/leo/code/recruitment-interviews/code/golang/main.go:74.54,75.10 1 0
/home/leo/code/recruitment-interviews/code/golang/main.go:76.10,79.5 2 0
/home/leo/code/recruitment-interviews/code/golang/main.go:94.19,96.10 2 0
/home/leo/code/recruitment-interviews/code/golang/main.go:102.19,104.10 2 0
/home/leo/code/recruitment-interviews/code/golang/main.go:111.19,113.10 2 0
/home/leo/code/recruitment-interviews/code/golang/test_utils.go:7.82,9.19 2 1
/home/leo/code/recruitment-interviews/code/golang/test_utils.go:12.2,12.18 1 1
/home/leo/code/recruitment-interviews/code/golang/test_utils.go:9.19,11.3 1 1
/home/leo/code/recruitment-interviews/code/golang/utils.go:20.45,22.2 1 1
/home/leo/code/recruitment-interviews/code/golang/utils.go:25.55,30.15 5 1
/home/leo/code/recruitment-interviews/code/golang/utils.go:65.2,65.26 1 1
/home/leo/code/recruitment-interviews/code/golang/utils.go:31.39,32.29 1 1
/home/leo/code/recruitment-interviews/code/golang/utils.go:33.40,34.31 1 0
/home/leo/code/recruitment-interviews/code/golang/utils.go:35.39,36.29 1 0
/home/leo/code/recruitment-interviews/code/golang/utils.go:37.50,38.28 1 1
/home/leo/code/recruitment-interviews/code/golang/utils.go:41.3,41.33 1 1
/home/leo/code/recruitment-interviews/code/golang/utils.go:42.22,43.40 1 0
/home/leo/code/recruitment-interviews/code/golang/utils.go:44.13,45.32 1 0
/home/leo/code/recruitment-interviews/code/golang/utils.go:46.24,47.30 1 0
/home/leo/code/recruitment-interviews/code/golang/utils.go:48.38,49.30 1 0
/home/leo/code/recruitment-interviews/code/golang/utils.go:50.26,51.37 1 0
/home/leo/code/recruitment-interviews/code/golang/utils.go:52.31,53.41 1 0
/home/leo/code/recruitment-interviews/code/golang/utils.go:54.19,55.29 1 0
/home/leo/code/recruitment-interviews/code/golang/utils.go:56.39,57.36 1 0
/home/leo/code/recruitment-interviews/code/golang/utils.go:58.54,59.36 1 0
/home/leo/code/recruitment-interviews/code/golang/utils.go:60.25,61.34 1 0
/home/leo/code/recruitment-interviews/code/golang/utils.go:62.31,63.31 1 0
/home/leo/code/recruitment-interviews/code/golang/utils.go:38.28,40.4 1 0
/home/leo/code/recruitment-interviews/code/golang/utils.go:68.37,69.44 1 1
/home/leo/code/recruitment-interviews/code/golang/utils.go:75.2,75.13 1 1
/home/leo/code/recruitment-interviews/code/golang/utils.go:69.44,70.25 1 0
/home/leo/code/recruitment-interviews/code/golang/utils.go:73.3,73.15 1 0
/home/leo/code/recruitment-interviews/code/golang/utils.go:70.25,72.4 1 0
/home/leo/code/recruitment-interviews/code/golang/utils.go:78.31,79.49 1 0
/home/leo/code/recruitment-interviews/code/golang/utils.go:82.2,82.13 1 0
/home/leo/code/recruitment-interviews/code/golang/utils.go:79.49,81.3 1 0
/home/leo/code/recruitment-interviews/code/golang/utils.go:85.52,89.27 3 1
/home/leo/code/recruitment-interviews/code/golang/utils.go:93.2,93.87 1 1
/home/leo/code/recruitment-interviews/code/golang/utils.go:101.2,101.16 1 1
/home/leo/code/recruitment-interviews/code/golang/utils.go:104.2,104.20 1 1
/home/leo/code/recruitment-interviews/code/golang/utils.go:89.27,91.3 1 0
/home/leo/code/recruitment-interviews/code/golang/utils.go:93.87,95.23 2 1
/home/leo/code/recruitment-interviews/code/golang/utils.go:98.3,99.13 2 1
/home/leo/code/recruitment-interviews/code/golang/utils.go:95.23,97.4 1 1
/home/leo/code/recruitment-interviews/code/golang/utils.go:101.16,102.13 1 0
/home/leo/code/recruitment-interviews/code/golang/utils.go:107.39,109.31 2 0
/home/leo/code/recruitment-interviews/code/golang/utils.go:109.31,111.3 1 0
/home/leo/code/recruitment-interviews/code/golang/utils.go:115.18,123.2 2 0
/home/leo/code/recruitment-interviews/code/golang/utils.go:125.35,127.2 1 1
/home/leo/code/recruitment-interviews/code/golang/utils.go:129.20,133.2 3 0
/home/leo/code/recruitment-interviews/code/golang/utils.go:135.54,138.28 2 1
/home/leo/code/recruitment-interviews/code/golang/utils.go:145.2,145.10 1 1
/home/leo/code/recruitment-interviews/code/golang/utils.go:138.28,139.17 1 1
/home/leo/code/recruitment-interviews/code/golang/utils.go:139.17,141.9 2 1
/home/leo/code/recruitment-interviews/code/golang/utils.go:148.43,153.17 5 1
/home/leo/code/recruitment-interviews/code/golang/utils.go:156.2,156.89 1 1
/home/leo/code/recruitment-interviews/code/golang/utils.go:153.17,155.3 1 1
/home/leo/code/recruitment-interviews/code/golang/utils.go:159.48,163.2 3 0
/home/leo/code/recruitment-interviews/code/golang/utils.go:165.33,170.79 3 0
/home/leo/code/recruitment-interviews/code/golang/utils.go:170.79,174.3 3 0
/home/leo/code/recruitment-interviews/code/golang/utils.go:174.8,177.3 1 0
/home/leo/code/recruitment-interviews/code/golang/utils.go:180.69,187.16 4 0
/home/leo/code/recruitment-interviews/code/golang/utils.go:190.2,193.21 3 0
/home/leo/code/recruitment-interviews/code/golang/utils.go:201.2,203.26 2 0
/home/leo/code/recruitment-interviews/code/golang/utils.go:187.16,188.13 1 0
/home/leo/code/recruitment-interviews/code/golang/utils.go:193.21,195.56 2 0
/home/leo/code/recruitment-interviews/code/golang/utils.go:195.56,198.4 2 0
/home/leo/code/recruitment-interviews/code/golang/utils.go:206.56,207.20 1 1
/home/leo/code/recruitment-interviews/code/golang/utils.go:210.2,210.21 1 1
/home/leo/code/recruitment-interviews/code/golang/utils.go:213.2,213.44 1 1
/home/leo/code/recruitment-interviews/code/golang/utils.go:207.20,209.3 1 0
/home/leo/code/recruitment-interviews/code/golang/utils.go:210.21,212.3 1 1
/home/leo/code/recruitment-interviews/code/golang/utils.go:216.67,217.25 1 1
/home/leo/code/recruitment-interviews/code/golang/utils.go:220.2,220.146 1 1
/home/leo/code/recruitment-interviews/code/golang/utils.go:217.25,219.3 1 0
/home/leo/code/recruitment-interviews/code/golang/utils.go:223.70,225.2 1 1
/home/leo/code/recruitment-interviews/code/golang/utils.go:227.35,228.28 1 1
/home/leo/code/recruitment-interviews/code/golang/utils.go:231.2,231.71 1 1
/home/leo/code/recruitment-interviews/code/golang/utils.go:228.28,230.3 1 1
/home/leo/code/recruitment-interviews/code/golang/utils.go:234.39,235.62 1 0
/home/leo/code/recruitment-interviews/code/golang/utils.go:235.62,237.3 1 0
/home/leo/code/recruitment-interviews/code/golang/utils.go:240.25,241.29 1 0
/home/leo/code/recruitment-interviews/code/golang/utils.go:246.2,246.17 1 0
/home/leo/code/recruitment-interviews/code/golang/utils.go:250.2,250.64 1 0
/home/leo/code/recruitment-interviews/code/golang/utils.go:241.29,244.3 2 0
/home/leo/code/recruitment-interviews/code/golang/utils.go:246.17,248.3 1 0
/home/leo/code/recruitment-interviews/code/golang/utils.go:250.64,252.3 1 0
/home/leo/code/recruitment-interviews/code/golang/utils.go:252.8,254.3 1 0
/home/leo/code/recruitment-interviews/code/golang/utils.go:257.29,258.30 1 0
/home/leo/code/recruitment-interviews/code/golang/utils.go:258.30,260.3 1 0
/home/leo/code/recruitment-interviews/code/golang/utils.go:263.18,264.46 1 0
/home/leo/code/recruitment-interviews/code/golang/utils.go:267.2,267.52 1 0
/home/leo/code/recruitment-interviews/code/golang/utils.go:264.46,266.3 1 0
/home/leo/code/recruitment-interviews/code/golang/utils.go:267.52,269.3 1 0
/home/leo/code/recruitment-interviews/code/golang/utils.go:272.58,276.39 4 1
/home/leo/code/recruitment-interviews/code/golang/utils.go:279.2,279.38 1 1
/home/leo/code/recruitment-interviews/code/golang/utils.go:276.39,278.3 1 0
/home/leo/code/recruitment-interviews/code/golang/utils.go:282.46,284.2 1 0
/home/leo/code/recruitment-interviews/code/golang/utils.go:286.28,289.26 3 0
/home/leo/code/recruitment-interviews/code/golang/utils.go:293.2,294.35 2 0
/home/leo/code/recruitment-interviews/code/golang/utils.go:304.2,304.48 1 0
/home/leo/code/recruitment-interviews/code/golang/utils.go:289.26,291.3 1 0
/home/leo/code/recruitment-interviews/code/golang/utils.go:294.35,300.17 6 0
/home/leo/code/recruitment-interviews/code/golang/utils.go:300.17,302.4 1 0
/home/leo/code/recruitment-interviews/code/golang/utils.go:307.73,309.2 1 0
/home/leo/code/recruitment-interviews/code/golang/answer_string.go:7.10,15.2 5 0
/home/leo/code/recruitment-interviews/code/golang/answer_string.go:21.33,23.48 2 0
/home/leo/code/recruitment-interviews/code/golang/answer_string.go:26.2,26.58 1 0
/home/leo/code/recruitment-interviews/code/golang/answer_string.go:23.48,25.3 1 0
/home/leo/code/recruitment-interviews/code/golang/command_string.go:7.10,27.2 17 0
/home/leo/code/recruitment-interviews/code/golang/command_string.go:33.34,34.50 1 0
/home/leo/code/recruitment-interviews/code/golang/command_string.go:37.2,37.61 1 0
/home/leo/code/recruitment-interviews/code/golang/command_string.go:34.50,36.3 1 0
